
*** Running vivado
    with args -log MMCM.vds -m64 -mode batch -messageDb vivado.pb -source MMCM.tcl


****** Vivado v2014.4 (64-bit)
  **** SW Build 1071353 on Tue Nov 18 18:29:27 MST 2014
  **** IP Build 1070531 on Tue Nov 18 01:10:18 MST 2014
    ** Copyright 1986-2014 Xilinx, Inc. All Rights Reserved.

source MMCM.tcl
# set_param gui.test TreeTableDev
# set_param xicom.use_bs_reader 1
# debug::add_scope template.lib 1
# set_msg_config -id {Common-41} -limit 4294967295
# set_msg_config -id {HDL 9-1061} -limit 100000
# set_msg_config -id {HDL 9-1654} -limit 100000
# create_project -in_memory -part xc7a35tcpg236-1
# set_param project.compositeFile.enableAutoGeneration 0
# set_param synth.vivado.isSynthRun true
# set_msg_config -id {IP_Flow 19-2162} -severity warning -new_severity info
# set_property webtalk.parent_dir O:/engs128/lab5/lab5.cache/wt [current_project]
# set_property parent.project_path O:/engs128/lab5/lab5.xpr [current_project]
# set_property default_lib xil_defaultlib [current_project]
# set_property target_language VHDL [current_project]
# read_ip O:/engs128/lab5/lab5.srcs/sources_1/ip/MMCM/MMCM.xci
INFO: [IP_Flow 19-234] Refreshing IP repositories
INFO: [IP_Flow 19-1704] No user IP repositories specified
INFO: [IP_Flow 19-2313] Loaded Vivado IP repository 'C:/Xilinx/Vivado/2014.4/data/ip'.
WARNING: [IP_Flow 19-3664] IP 'MMCM' generated file not found 'o:/engs128/lab5/lab5.srcs/sources_1/ip/MMCM/MMCM.dcp'. Please regenerate to continue.
WARNING: [IP_Flow 19-3664] IP 'MMCM' generated file not found 'o:/engs128/lab5/lab5.srcs/sources_1/ip/MMCM/MMCM_stub.v'. Please regenerate to continue.
WARNING: [IP_Flow 19-3664] IP 'MMCM' generated file not found 'o:/engs128/lab5/lab5.srcs/sources_1/ip/MMCM/MMCM_stub.vhdl'. Please regenerate to continue.
WARNING: [IP_Flow 19-3664] IP 'MMCM' generated file not found 'o:/engs128/lab5/lab5.srcs/sources_1/ip/MMCM/MMCM_funcsim.v'. Please regenerate to continue.
WARNING: [IP_Flow 19-3664] IP 'MMCM' generated file not found 'o:/engs128/lab5/lab5.srcs/sources_1/ip/MMCM/MMCM_funcsim.vhdl'. Please regenerate to continue.
# set_property used_in_implementation false [get_files -all o:/engs128/lab5/lab5.srcs/sources_1/ip/MMCM/MMCM.dcp]
# set_property is_locked true [get_files O:/engs128/lab5/lab5.srcs/sources_1/ip/MMCM/MMCM.xci]
# read_xdc dont_touch.xdc
# set_property used_in_implementation false [get_files dont_touch.xdc]
# catch { write_hwdef -file MMCM.hwdef }
INFO: [Vivado_Tcl 4-279] hardware handoff file cannot be generated as there is no block diagram instance in the design
# synth_design -top MMCM -part xc7a35tcpg236-1 -mode out_of_context
Command: synth_design -top MMCM -part xc7a35tcpg236-1 -mode out_of_context
Starting synth_design
Attempting to get a license for feature 'Synthesis' and/or device 'xc7a35t'
INFO: [Common 17-349] Got license for feature 'Synthesis' and/or device 'xc7a35t'
---------------------------------------------------------------------------------
Starting RTL Elaboration : Time (s): cpu = 00:00:06 ; elapsed = 00:00:08 . Memory (MB): peak = 249.883 ; gain = 89.668
---------------------------------------------------------------------------------
INFO: [Synth 8-638] synthesizing module 'MMCM' [o:/engs128/lab5/lab5.srcs/sources_1/ip/MMCM/MMCM.vhd:85]
INFO: [Synth 8-3491] module 'MMCM_clk_wiz' declared at 'o:/engs128/lab5/lab5.srcs/sources_1/ip/MMCM/MMCM_clk_wiz.vhd:75' bound to instance 'U0' of component 'MMCM_clk_wiz' [o:/engs128/lab5/lab5.srcs/sources_1/ip/MMCM/MMCM.vhd:101]
INFO: [Synth 8-638] synthesizing module 'MMCM_clk_wiz' [o:/engs128/lab5/lab5.srcs/sources_1/ip/MMCM/MMCM_clk_wiz.vhd:85]
	Parameter CAPACITANCE bound to: DONT_CARE - type: string 
	Parameter IBUF_DELAY_VALUE bound to: 0 - type: string 
	Parameter IBUF_LOW_PWR bound to: 1 - type: bool 
	Parameter IFD_DELAY_VALUE bound to: AUTO - type: string 
	Parameter IOSTANDARD bound to: DEFAULT - type: string 
INFO: [Synth 8-113] binding component instance 'clkin1_ibufg' to cell 'IBUF' [o:/engs128/lab5/lab5.srcs/sources_1/ip/MMCM/MMCM_clk_wiz.vhd:118]
	Parameter BANDWIDTH bound to: OPTIMIZED - type: string 
	Parameter CLKFBOUT_MULT_F bound to: 10.000000 - type: float 
	Parameter CLKFBOUT_PHASE bound to: 0.000000 - type: float 
	Parameter CLKFBOUT_USE_FINE_PS bound to: 0 - type: bool 
	Parameter CLKIN1_PERIOD bound to: 10.000000 - type: float 
	Parameter CLKIN2_PERIOD bound to: 0.000000 - type: float 
	Parameter CLKOUT0_DIVIDE_F bound to: 10.000000 - type: float 
	Parameter CLKOUT0_DUTY_CYCLE bound to: 0.500000 - type: float 
	Parameter CLKOUT0_PHASE bound to: 0.000000 - type: float 
	Parameter CLKOUT0_USE_FINE_PS bound to: 0 - type: bool 
	Parameter CLKOUT1_DIVIDE bound to: 50 - type: integer 
	Parameter CLKOUT1_DUTY_CYCLE bound to: 0.500000 - type: float 
	Parameter CLKOUT1_PHASE bound to: 0.000000 - type: float 
	Parameter CLKOUT1_USE_FINE_PS bound to: 0 - type: bool 
	Parameter CLKOUT2_DIVIDE bound to: 1 - type: integer 
	Parameter CLKOUT2_DUTY_CYCLE bound to: 0.500000 - type: float 
	Parameter CLKOUT2_PHASE bound to: 0.000000 - type: float 
	Parameter CLKOUT2_USE_FINE_PS bound to: 0 - type: bool 
	Parameter CLKOUT3_DIVIDE bound to: 1 - type: integer 
	Parameter CLKOUT3_DUTY_CYCLE bound to: 0.500000 - type: float 
	Parameter CLKOUT3_PHASE bound to: 0.000000 - type: float 
	Parameter CLKOUT3_USE_FINE_PS bound to: 0 - type: bool 
	Parameter CLKOUT4_CASCADE bound to: 0 - type: bool 
	Parameter CLKOUT4_DIVIDE bound to: 1 - type: integer 
	Parameter CLKOUT4_DUTY_CYCLE bound to: 0.500000 - type: float 
	Parameter CLKOUT4_PHASE bound to: 0.000000 - type: float 
	Parameter CLKOUT4_USE_FINE_PS bound to: 0 - type: bool 
	Parameter CLKOUT5_DIVIDE bound to: 1 - type: integer 
	Parameter CLKOUT5_DUTY_CYCLE bound to: 0.500000 - type: float 
	Parameter CLKOUT5_PHASE bound to: 0.000000 - type: float 
	Parameter CLKOUT5_USE_FINE_PS bound to: 0 - type: bool 
	Parameter CLKOUT6_DIVIDE bound to: 1 - type: integer 
	Parameter CLKOUT6_DUTY_CYCLE bound to: 0.500000 - type: float 
	Parameter CLKOUT6_PHASE bound to: 0.000000 - type: float 
	Parameter CLKOUT6_USE_FINE_PS bound to: 0 - type: bool 
	Parameter COMPENSATION bound to: ZHOLD - type: string 
	Parameter DIVCLK_DIVIDE bound to: 1 - type: integer 
	Parameter IS_CLKINSEL_INVERTED bound to: 1'b0 
	Parameter IS_PSEN_INVERTED bound to: 1'b0 
	Parameter IS_PSINCDEC_INVERTED bound to: 1'b0 
	Parameter IS_PWRDWN_INVERTED bound to: 1'b0 
	Parameter IS_RST_INVERTED bound to: 1'b0 
	Parameter REF_JITTER1 bound to: 0.000000 - type: float 
	Parameter REF_JITTER2 bound to: 0.000000 - type: float 
	Parameter SS_EN bound to: FALSE - type: string 
	Parameter SS_MODE bound to: CENTER_HIGH - type: string 
	Parameter SS_MOD_PERIOD bound to: 10000 - type: integer 
	Parameter STARTUP_WAIT bound to: 0 - type: bool 
INFO: [Synth 8-113] binding component instance 'mmcm_adv_inst' to cell 'MMCME2_ADV' [o:/engs128/lab5/lab5.srcs/sources_1/ip/MMCM/MMCM_clk_wiz.vhd:130]
INFO: [Synth 8-113] binding component instance 'clkf_buf' to cell 'BUFG' [o:/engs128/lab5/lab5.srcs/sources_1/ip/MMCM/MMCM_clk_wiz.vhd:195]
INFO: [Synth 8-113] binding component instance 'clkout1_buf' to cell 'BUFG' [o:/engs128/lab5/lab5.srcs/sources_1/ip/MMCM/MMCM_clk_wiz.vhd:202]
INFO: [Synth 8-113] binding component instance 'clkout2_buf' to cell 'BUFG' [o:/engs128/lab5/lab5.srcs/sources_1/ip/MMCM/MMCM_clk_wiz.vhd:209]
INFO: [Synth 8-256] done synthesizing module 'MMCM_clk_wiz' (1#1) [o:/engs128/lab5/lab5.srcs/sources_1/ip/MMCM/MMCM_clk_wiz.vhd:85]
INFO: [Synth 8-256] done synthesizing module 'MMCM' (2#1) [o:/engs128/lab5/lab5.srcs/sources_1/ip/MMCM/MMCM.vhd:85]
---------------------------------------------------------------------------------
Finished RTL Elaboration : Time (s): cpu = 00:00:08 ; elapsed = 00:00:09 . Memory (MB): peak = 283.918 ; gain = 123.703
---------------------------------------------------------------------------------

Report Check Netlist: 
+------+------------------+-------+---------+-------+------------------+
|      |Item              |Errors |Warnings |Status |Description       |
+------+------------------+-------+---------+-------+------------------+
|1     |multi_driven_nets |      0|        0|Passed |Multi driven nets |
+------+------------------+-------+---------+-------+------------------+
---------------------------------------------------------------------------------
Finished RTL Optimization Phase 1 : Time (s): cpu = 00:00:08 ; elapsed = 00:00:10 . Memory (MB): peak = 283.918 ; gain = 123.703
---------------------------------------------------------------------------------
INFO: [Netlist 29-17] Analyzing 2 Unisim elements for replacement
INFO: [Netlist 29-28] Unisim Transformation completed in 0 CPU seconds
Loading clock regions from C:/Xilinx/Vivado/2014.4/data\parts/xilinx/artix7/artix7/xc7a35t/ClockRegion.xml
Loading clock buffers from C:/Xilinx/Vivado/2014.4/data\parts/xilinx/artix7/artix7/xc7a35t/ClockBuffers.xml
Loading clock placement rules from C:/Xilinx/Vivado/2014.4/data/parts/xilinx/artix7/ClockPlacerRules.xml
Loading package pin functions from C:/Xilinx/Vivado/2014.4/data\parts/xilinx/artix7/PinFunctions.xml...
Loading package from C:/Xilinx/Vivado/2014.4/data\parts/xilinx/artix7/artix7/xc7a35t/cpg236/Package.xml
Loading io standards from C:/Xilinx/Vivado/2014.4/data\./parts/xilinx/artix7/IOStandards.xml
Loading device configuration modes from C:/Xilinx/Vivado/2014.4/data\parts/xilinx/artix7/ConfigModes.xml
INFO: [Project 1-570] Preparing netlist for logic optimization

Processing XDC Constraints
Initializing timing engine
Parsing XDC File [o:/engs128/lab5/lab5.srcs/sources_1/ip/MMCM/MMCM_ooc.xdc] for cell 'U0'
Finished Parsing XDC File [o:/engs128/lab5/lab5.srcs/sources_1/ip/MMCM/MMCM_ooc.xdc] for cell 'U0'
Parsing XDC File [o:/engs128/lab5/lab5.srcs/sources_1/ip/MMCM/MMCM_board.xdc] for cell 'U0'
Finished Parsing XDC File [o:/engs128/lab5/lab5.srcs/sources_1/ip/MMCM/MMCM_board.xdc] for cell 'U0'
Parsing XDC File [o:/engs128/lab5/lab5.srcs/sources_1/ip/MMCM/MMCM.xdc] for cell 'U0'
Finished Parsing XDC File [o:/engs128/lab5/lab5.srcs/sources_1/ip/MMCM/MMCM.xdc] for cell 'U0'
INFO: [Timing 38-2] Deriving generated clocks
INFO: [Project 1-236] Implementation specific constraints were found while reading constraint file [o:/engs128/lab5/lab5.srcs/sources_1/ip/MMCM/MMCM.xdc]. These constraints will be ignored for synthesis but will be used in implementation. Impacted constraints are listed in the file [.Xil/MMCM_propImpl.xdc].
Resolution: To avoid this warning, move constraints listed in [.Xil/MMCM_propImpl.xdc] to anoth XDC file and exclude this new file from synthesis with the used_in_synthesis property (File Properties dialog in GUI) and re-run elaboration/synthesis.
Parsing XDC File [O:/engs128/lab5/lab5.runs/MMCM_synth_1/dont_touch.xdc]
Finished Parsing XDC File [O:/engs128/lab5/lab5.runs/MMCM_synth_1/dont_touch.xdc]
Completed Processing XDC Constraints

INFO: [Project 1-111] Unisim Transformation Summary:
No Unisim elements were transformed.

Constraint Validation Runtime : Time (s): cpu = 00:00:00 ; elapsed = 00:00:00.016 . Memory (MB): peak = 495.813 ; gain = 0.000
---------------------------------------------------------------------------------
Finished Constraint Validation : Time (s): cpu = 00:00:17 ; elapsed = 00:00:19 . Memory (MB): peak = 495.813 ; gain = 335.598
---------------------------------------------------------------------------------
---------------------------------------------------------------------------------
Start Loading Part and Timing Information
---------------------------------------------------------------------------------
Loading part: xc7a35tcpg236-1
---------------------------------------------------------------------------------
Finished Loading Part and Timing Information : Time (s): cpu = 00:00:17 ; elapsed = 00:00:19 . Memory (MB): peak = 495.813 ; gain = 335.598
---------------------------------------------------------------------------------
---------------------------------------------------------------------------------
Start Applying 'set_property' XDC Constraints
---------------------------------------------------------------------------------
Applied set_property DONT_TOUCH = true for U0. (constraint file  O:/engs128/lab5/lab5.runs/MMCM_synth_1/dont_touch.xdc, line 9).
---------------------------------------------------------------------------------
Finished applying 'set_property' XDC Constraints : Time (s): cpu = 00:00:17 ; elapsed = 00:00:19 . Memory (MB): peak = 495.813 ; gain = 335.598
---------------------------------------------------------------------------------
---------------------------------------------------------------------------------
Finished RTL Optimization Phase 2 : Time (s): cpu = 00:00:17 ; elapsed = 00:00:19 . Memory (MB): peak = 495.813 ; gain = 335.598
---------------------------------------------------------------------------------

Report RTL Partitions: 
+-+--------------+------------+----------+
| |RTL Partition |Replication |Instances |
+-+--------------+------------+----------+
+-+--------------+------------+----------+
---------------------------------------------------------------------------------
Start RTL Component Statistics 
---------------------------------------------------------------------------------
Detailed RTL Component Info : 
---------------------------------------------------------------------------------
Finished RTL Component Statistics 
---------------------------------------------------------------------------------
---------------------------------------------------------------------------------
Start RTL Hierarchical Component Statistics 
---------------------------------------------------------------------------------
Hierarchical RTL Component report 
Module MMCM 
Detailed RTL Component Info : 
Module MMCM_clk_wiz 
Detailed RTL Component Info : 
---------------------------------------------------------------------------------
Finished RTL Hierarchical Component Statistics
---------------------------------------------------------------------------------
---------------------------------------------------------------------------------
Start Part Resource Summary
---------------------------------------------------------------------------------
Part Resources:
DSPs: 120 (col length:60)
BRAMs: 150 (col length: RAMB18 60 RAMB36 30)
---------------------------------------------------------------------------------
Finished Part Resource Summary
---------------------------------------------------------------------------------
Start Parallel Synthesis Optimization  : Time (s): cpu = 00:00:17 ; elapsed = 00:00:20 . Memory (MB): peak = 495.813 ; gain = 335.598
---------------------------------------------------------------------------------
Start Cross Boundary Optimization
---------------------------------------------------------------------------------
---------------------------------------------------------------------------------
Finished Cross Boundary Optimization : Time (s): cpu = 00:00:17 ; elapsed = 00:00:20 . Memory (MB): peak = 495.813 ; gain = 335.598
---------------------------------------------------------------------------------
Finished Parallel Reinference  : Time (s): cpu = 00:00:17 ; elapsed = 00:00:20 . Memory (MB): peak = 495.813 ; gain = 335.598

Report RTL Partitions: 
+-+--------------+------------+----------+
| |RTL Partition |Replication |Instances |
+-+--------------+------------+----------+
+-+--------------+------------+----------+
---------------------------------------------------------------------------------
Start RAM, DSP and Shift Register Reporting
---------------------------------------------------------------------------------
---------------------------------------------------------------------------------
Finished RAM, DSP and Shift Register Reporting
---------------------------------------------------------------------------------
---------------------------------------------------------------------------------
Start Area Optimization
---------------------------------------------------------------------------------
---------------------------------------------------------------------------------
Finished Area Optimization : Time (s): cpu = 00:00:17 ; elapsed = 00:00:20 . Memory (MB): peak = 495.813 ; gain = 335.598
---------------------------------------------------------------------------------
---------------------------------------------------------------------------------
Finished Area Optimization : Time (s): cpu = 00:00:17 ; elapsed = 00:00:20 . Memory (MB): peak = 495.813 ; gain = 335.598
---------------------------------------------------------------------------------
Finished Parallel Area Optimization  : Time (s): cpu = 00:00:17 ; elapsed = 00:00:20 . Memory (MB): peak = 495.813 ; gain = 335.598

Report RTL Partitions: 
+-+--------------+------------+----------+
| |RTL Partition |Replication |Instances |
+-+--------------+------------+----------+
+-+--------------+------------+----------+
Finished Parallel Synthesis Optimization  : Time (s): cpu = 00:00:17 ; elapsed = 00:00:20 . Memory (MB): peak = 495.813 ; gain = 335.598
---------------------------------------------------------------------------------
Start Timing Optimization
---------------------------------------------------------------------------------
---------------------------------------------------------------------------------
Start Applying XDC Timing Constraints
---------------------------------------------------------------------------------
---------------------------------------------------------------------------------
Finished Applying XDC Timing Constraints : Time (s): cpu = 00:00:30 ; elapsed = 00:00:33 . Memory (MB): peak = 527.555 ; gain = 367.340
---------------------------------------------------------------------------------
---------------------------------------------------------------------------------
Finished Timing Optimization : Time (s): cpu = 00:00:30 ; elapsed = 00:00:33 . Memory (MB): peak = 527.555 ; gain = 367.340
---------------------------------------------------------------------------------

Report RTL Partitions: 
+-+--------------+------------+----------+
| |RTL Partition |Replication |Instances |
+-+--------------+------------+----------+
+-+--------------+------------+----------+
---------------------------------------------------------------------------------
Start Technology Mapping
---------------------------------------------------------------------------------
---------------------------------------------------------------------------------
Finished Technology Mapping : Time (s): cpu = 00:00:30 ; elapsed = 00:00:33 . Memory (MB): peak = 537.000 ; gain = 376.785
---------------------------------------------------------------------------------

Report RTL Partitions: 
+-+--------------+------------+----------+
| |RTL Partition |Replication |Instances |
+-+--------------+------------+----------+
+-+--------------+------------+----------+
---------------------------------------------------------------------------------
Start IO Insertion
---------------------------------------------------------------------------------
---------------------------------------------------------------------------------
Start Flattening Before IO Insertion
---------------------------------------------------------------------------------
---------------------------------------------------------------------------------
Finished Flattening Before IO Insertion
---------------------------------------------------------------------------------
---------------------------------------------------------------------------------
Start Final Netlist Cleanup
---------------------------------------------------------------------------------
---------------------------------------------------------------------------------
Finished Final Netlist Cleanup
---------------------------------------------------------------------------------
---------------------------------------------------------------------------------
Finished IO Insertion : Time (s): cpu = 00:00:30 ; elapsed = 00:00:34 . Memory (MB): peak = 537.000 ; gain = 376.785
---------------------------------------------------------------------------------

Report Check Netlist: 
+------+------------------+-------+---------+-------+------------------+
|      |Item              |Errors |Warnings |Status |Description       |
+------+------------------+-------+---------+-------+------------------+
|1     |multi_driven_nets |      0|        0|Passed |Multi driven nets |
+------+------------------+-------+---------+-------+------------------+
---------------------------------------------------------------------------------
Start Renaming Generated Instances
---------------------------------------------------------------------------------
---------------------------------------------------------------------------------
Finished Renaming Generated Instances : Time (s): cpu = 00:00:30 ; elapsed = 00:00:34 . Memory (MB): peak = 537.000 ; gain = 376.785
---------------------------------------------------------------------------------

Report RTL Partitions: 
+-+--------------+------------+----------+
| |RTL Partition |Replication |Instances |
+-+--------------+------------+----------+
+-+--------------+------------+----------+
---------------------------------------------------------------------------------
Start Rebuilding User Hierarchy
---------------------------------------------------------------------------------
---------------------------------------------------------------------------------
Finished Rebuilding User Hierarchy : Time (s): cpu = 00:00:30 ; elapsed = 00:00:34 . Memory (MB): peak = 537.000 ; gain = 376.785
---------------------------------------------------------------------------------
---------------------------------------------------------------------------------
Start RAM, DSP and Shift Register Reporting
---------------------------------------------------------------------------------
---------------------------------------------------------------------------------
Finished RAM, DSP and Shift Register Reporting
---------------------------------------------------------------------------------
---------------------------------------------------------------------------------
Start Writing Synthesis Report
---------------------------------------------------------------------------------

Report BlackBoxes: 
+-+--------------+----------+
| |BlackBox name |Instances |
+-+--------------+----------+
+-+--------------+----------+

Report Cell Usage: 
+------+-----------+------+
|      |Cell       |Count |
+------+-----------+------+
|1     |BUFG       |     3|
|2     |MMCME2_ADV |     1|
|3     |IBUF       |     1|
+------+-----------+------+

Report Instance Areas: 
+------+---------+-------------+------+
|      |Instance |Module       |Cells |
+------+---------+-------------+------+
|1     |top      |             |     5|
|2     |  U0     |MMCM_clk_wiz |     5|
+------+---------+-------------+------+
---------------------------------------------------------------------------------
Finished Writing Synthesis Report : Time (s): cpu = 00:00:30 ; elapsed = 00:00:34 . Memory (MB): peak = 537.000 ; gain = 376.785
---------------------------------------------------------------------------------
Synthesis finished with 0 errors, 0 critical warnings and 0 warnings.
Synthesis Optimization Runtime : Time (s): cpu = 00:00:00 ; elapsed = 00:00:24 . Memory (MB): peak = 537.000 ; gain = 125.031
Synthesis Optimization Complete : Time (s): cpu = 00:00:30 ; elapsed = 00:00:34 . Memory (MB): peak = 537.000 ; gain = 376.785
INFO: [Project 1-571] Translating synthesized netlist
INFO: [Netlist 29-17] Analyzing 2 Unisim elements for replacement
INFO: [Netlist 29-28] Unisim Transformation completed in 0 CPU seconds
INFO: [Project 1-570] Preparing netlist for logic optimization
Parsing XDC File [o:/engs128/lab5/lab5.srcs/sources_1/ip/MMCM/MMCM_ooc.xdc] for cell 'U0'
Finished Parsing XDC File [o:/engs128/lab5/lab5.srcs/sources_1/ip/MMCM/MMCM_ooc.xdc] for cell 'U0'
Parsing XDC File [o:/engs128/lab5/lab5.srcs/sources_1/ip/MMCM/MMCM_board.xdc] for cell 'U0'
Finished Parsing XDC File [o:/engs128/lab5/lab5.srcs/sources_1/ip/MMCM/MMCM_board.xdc] for cell 'U0'
Parsing XDC File [o:/engs128/lab5/lab5.srcs/sources_1/ip/MMCM/MMCM.xdc] for cell 'U0'
INFO: [Timing 38-35] Done setting XDC timing constraints. [o:/engs128/lab5/lab5.srcs/sources_1/ip/MMCM/MMCM.xdc:56]
INFO: [Timing 38-2] Deriving generated clocks [o:/engs128/lab5/lab5.srcs/sources_1/ip/MMCM/MMCM.xdc:56]
get_clocks: Time (s): cpu = 00:00:15 ; elapsed = 00:00:16 . Memory (MB): peak = 939.426 ; gain = 390.422
Finished Parsing XDC File [o:/engs128/lab5/lab5.srcs/sources_1/ip/MMCM/MMCM.xdc] for cell 'U0'
INFO: [Opt 31-138] Pushed 0 inverter(s) to 0 load pin(s).
INFO: [Project 1-111] Unisim Transformation Summary:
No Unisim elements were transformed.

INFO: [Common 17-83] Releasing license: Synthesis
26 Infos, 0 Warnings, 0 Critical Warnings and 0 Errors encountered.
synth_design completed successfully
synth_design: Time (s): cpu = 00:00:44 ; elapsed = 00:00:48 . Memory (MB): peak = 939.426 ; gain = 739.352
# rename_ref -prefix_all MMCM_
# write_checkpoint -noxdef MMCM.dcp
# catch { report_utilization -file MMCM_utilization_synth.rpt -pb MMCM_utilization_synth.pb }
report_utilization: Time (s): cpu = 00:00:00 ; elapsed = 00:00:00.078 . Memory (MB): peak = 939.426 ; gain = 0.000
# if { [catch {
#   file copy -force O:/engs128/lab5/lab5.runs/MMCM_synth_1/MMCM.dcp O:/engs128/lab5/lab5.srcs/sources_1/ip/MMCM/MMCM.dcp
# } _RESULT ] } { 
#   error "ERROR: Unable to successfully create or copy the sub-design checkpoint file."
# }
# if { [catch {
#   write_verilog -force -mode synth_stub O:/engs128/lab5/lab5.srcs/sources_1/ip/MMCM/MMCM_stub.v
# } _RESULT ] } { 
#   puts "CRITICAL WARNING: Unable to successfully create a Verilog synthesis stub for the sub-design. This may lead to errors in top level synthesis of the design. Error reported: $_RESULT"
# }
# if { [catch {
#   write_vhdl -force -mode synth_stub O:/engs128/lab5/lab5.srcs/sources_1/ip/MMCM/MMCM_stub.vhdl
# } _RESULT ] } { 
#   puts "CRITICAL WARNING: Unable to successfully create a VHDL synthesis stub for the sub-design. This may lead to errors in top level synthesis of the design. Error reported: $_RESULT"
# }
# if { [catch {
#   write_verilog -force -mode funcsim O:/engs128/lab5/lab5.srcs/sources_1/ip/MMCM/MMCM_funcsim.v
# } _RESULT ] } { 
#   puts "CRITICAL WARNING: Unable to successfully create the Verilog functional simulation sub-design file. Post-Synthesis Functional Simulation with this file may not be possible or may give incorrect results. Error reported: $_RESULT"
# }
# if { [catch {
#   write_vhdl -force -mode funcsim O:/engs128/lab5/lab5.srcs/sources_1/ip/MMCM/MMCM_funcsim.vhdl
# } _RESULT ] } { 
#   puts "CRITICAL WARNING: Unable to successfully create the VHDL functional simulation sub-design file. Post-Synthesis Functional Simulation with this file may not be possible or may give incorrect results. Error reported: $_RESULT"
# }
INFO: [Common 17-206] Exiting Vivado at Wed May 13 20:30:32 2015...
